[23:19:47] [main/INFO] (Launcher) ModLauncher running: args [--launchTarget, forgeclientuserdev, --version, 21.1.76, --assetIndex, 1.21.1-17, --assetsDir, /home/crystalneko/.gradle/caches/fabric-loom/assets, --gameDir, ., --fml.neoForgeVersion, 21.1.76, --fml.fmlVersion, 4.0.31, --fml.mcVersion, 1.21.1, --fml.neoFormVersion, 20240808.144430]
[23:19:47] [main/INFO] (Launcher) JVM identified as Ubuntu OpenJDK 64-Bit Server VM 21.0.4+7-Ubuntu-1ubuntu222.04
[23:19:47] [main/INFO] (Launcher) ModLauncher 11.0.4+main.d2e20e43 starting: java version 21.0.4 by Ubuntu; OS Linux arch amd64 version 6.8.0-48-generic
[23:19:47] [main/INFO] (ImmediateWindowHandler) Loading ImmediateWindowProvider fmlearlywindow
[23:19:47] [main/INFO] (EARLYDISPLAY) Trying GL version 4.6
[23:19:47] [main/INFO] (EARLYDISPLAY) Requested GL version 4.6 got version 4.6
[23:19:47] [main/INFO] (mixin) SpongePowered MIXIN Subsystem Version=0.8.7 Source=union:/home/crystalneko/.gradle/caches/modules-2/files-2.1/net.fabricmc/sponge-mixin/0.15.2+mixin.0.8.7/2af2f021d8e02a0220dc27a7a72b4666d66d44ca/sponge-mixin-0.15.2+mixin.0.8.7.jar%23103!/ Service=ModLauncher Env=CLIENT
[23:19:47] [pool-5-thread-1/INFO] (EARLYDISPLAY) GL info: AMD Radeon RX 5600 XT (radeonsi, navi10, LLVM 18.1.7, DRM 3.57, 6.8.0-48-generic) GL version 4.6 (Core Profile) Mesa 24.2.0-devel, AMD
[23:19:47] [main/INFO] (ModDiscoverer) Found mod file "neoforge-21.1.76-minecraft-merged-1.21.1-loom.mappings.1_21_1.layered+hash.40545-v2-neoforge-21.1.76.jar" [locator: neoforge devenv provider ([/home/crystalneko/.gradle/caches/fabric-loom/minecraftMaven/net/minecraft/neoforge-21.1.76-minecraft-merged/1.21.1-loom.mappings.1_21_1.layered+hash.40545-v2-neoforge-21.1.76/neoforge-21.1.76-minecraft-merged-1.21.1-loom.mappings.1_21_1.layered+hash.40545-v2-neoforge-21.1.76.jar])]
[23:19:47] [main/INFO] (ModDiscoverer) Found mod file "neoforge-21.1.76-minecraft-merged-1.21.1-loom.mappings.1_21_1.layered+hash.40545-v2-neoforge-21.1.76.jar" [locator: neoforge devenv provider ([/home/crystalneko/.gradle/caches/fabric-loom/minecraftMaven/net/minecraft/neoforge-21.1.76-minecraft-merged/1.21.1-loom.mappings.1_21_1.layered+hash.40545-v2-neoforge-21.1.76/neoforge-21.1.76-minecraft-merged-1.21.1-loom.mappings.1_21_1.layered+hash.40545-v2-neoforge-21.1.76.jar])]
[23:19:47] [main/INFO] (ModDiscoverer) Found library file "kotlinforforge-5.6.0-all.jar" [locator: {mods folder locator at /media/crystalneko/data/java/SimpleMusic/neoforge/run/mods}, reader: mod manifest]
[23:19:47] [main/INFO] (ModDiscoverer) Found mod file "main" [locator: userdev mods and services, reader: mod manifest]
[23:19:47] [main/INFO] (ModDiscoverer) Found mod file "neoforge-21.1.76-minecraft-merged-1.21.1-loom.mappings.1_21_1.layered+hash.40545-v2-neoforge-21.1.76.jar" [locator: userdev mods and services, reader: mod manifest]
[23:19:47] [main/INFO] (ModDiscoverer) Found mod file "2455174910368132645.jar" [locator: userdev mods and services, reader: mod manifest]
[23:19:47] [main/INFO] (ModDiscoverer) Found gamelibrary file "mixinextras-neoforge-0.4.1.jar" [locator: userdev mods and services, reader: mod manifest]
[23:19:47] [main/WARN] (JarSelector) Attempted to select a dependency jar for JarJar which was passed in as source: library:mixinextras.neoforge. Using Mod File: /home/crystalneko/.gradle/caches/modules-2/files-2.1/io.github.llamalad7/mixinextras-neoforge/0.4.1/eff97772ecd0dcf8e52cdbafd3b3ccec425f8314/mixinextras-neoforge-0.4.1.jar
[23:19:47] [main/INFO] (JarInJarDependencyLocator) Found 12 dependencies adding them to mods collection
[23:19:47] [main/INFO] (ModDiscoverer) Found library file "kotlinx-serialization-core-jvm-1.7.3.jar" [parent: kotlinforforge-5.6.0-all.jar, locator: jarinjar]
[23:19:47] [main/INFO] (ModDiscoverer) Found library file "kfflang-5.6.0.jar" [parent: kotlinforforge-5.6.0-all.jar, locator: jarinjar, reader: mod manifest]
[23:19:47] [main/INFO] (ModDiscoverer) Found mod file "kffmod-5.6.0.jar" [parent: kotlinforforge-5.6.0-all.jar, locator: jarinjar, reader: mod manifest]
[23:19:47] [main/INFO] (ModDiscoverer) Found library file "kotlin-reflect-2.0.21.jar" [parent: kotlinforforge-5.6.0-all.jar, locator: jarinjar]
[23:19:47] [main/INFO] (ModDiscoverer) Found library file "kotlin-stdlib-2.0.21.jar" [parent: kotlinforforge-5.6.0-all.jar, locator: jarinjar]
[23:19:47] [main/INFO] (ModDiscoverer) Found library file "kotlinx-coroutines-jdk8-1.9.0.jar" [parent: kotlinforforge-5.6.0-all.jar, locator: jarinjar]
[23:19:47] [main/INFO] (ModDiscoverer) Found library file "kotlinx-serialization-json-jvm-1.7.3.jar" [parent: kotlinforforge-5.6.0-all.jar, locator: jarinjar]
[23:19:47] [main/INFO] (ModDiscoverer) Found gamelibrary file "kfflib-5.6.0.jar" [parent: kotlinforforge-5.6.0-all.jar, locator: jarinjar, reader: mod manifest]
[23:19:47] [main/INFO] (ModDiscoverer) Found library file "kotlinx-coroutines-core-jvm-1.9.0.jar" [parent: kotlinforforge-5.6.0-all.jar, locator: jarinjar]
[23:19:47] [main/INFO] (ModDiscoverer) Found library file "neoforge-coremods-21.1.76.jar" [parent: neoforge-21.1.76-minecraft-merged-1.21.1-loom.mappings.1_21_1.layered+hash.40545-v2-neoforge-21.1.76.jar, locator: jarinjar, reader: mod manifest]
[23:19:47] [main/INFO] (ModDiscoverer) Found library file "kotlin-stdlib-jdk7-2.0.21.jar" [parent: kotlinforforge-5.6.0-all.jar, locator: jarinjar]
[23:19:47] [main/INFO] (ModDiscoverer) Found library file "kotlin-stdlib-jdk8-2.0.21.jar" [parent: kotlinforforge-5.6.0-all.jar, locator: jarinjar]
[23:19:47] [main/INFO] (ModDiscoverer) 
     Mod List:
		Name Version (Mod Id)

		generated_5e17fe7 1 (generated_5e17fe7)
		Kotlin For Forge 5.6.0 (kotlinforforge)
		Minecraft 1.21.1 (minecraft)
		NeoForge 21.1.76 (neoforge)
		SimpleMusic 0.0.1 (simplemusic)
[23:19:47] [main/INFO] (LaunchServiceHandler) Launching target 'forgeclientuserdev' with arguments [--version, 21.1.76, --gameDir, ., --assetsDir, /home/crystalneko/.gradle/caches/fabric-loom/assets, --assetIndex, 1.21.1-17]
[23:19:47] [main/INFO] (unprotect) Found 8254 Minecraft classes
[0911月2024 23:19:48.973] [Datafixer Bootstrap/INFO] [com.mojang.datafixers.DataFixerBuilder/]: 229 Datafixer optimizations took 201 milliseconds
[0911月2024 23:19:49.109] [pool-12-thread-1/INFO] [MixinExtras|Service/]: Initializing MixinExtras via com.llamalad7.mixinextras.service.MixinExtrasServiceImpl(version=0.4.1).
[0911月2024 23:19:52.259] [main/WARN] [net.minecraft.commands.Commands/]: Ambiguity between arguments [teleport, location] and [teleport, destination] with inputs: [0.1 -0.5 .9, 0 0 0]
[0911月2024 23:19:52.260] [main/WARN] [net.minecraft.commands.Commands/]: Ambiguity between arguments [teleport, location] and [teleport, targets] with inputs: [0.1 -0.5 .9, 0 0 0]
[0911月2024 23:19:52.262] [main/WARN] [net.minecraft.commands.Commands/]: Ambiguity between arguments [teleport, destination] and [teleport, targets] with inputs: [Player, 0123, @e, dd12be42-52a9-4a91-a8a1-11c01849e498]
[0911月2024 23:19:52.262] [main/WARN] [net.minecraft.commands.Commands/]: Ambiguity between arguments [teleport, targets] and [teleport, destination] with inputs: [Player, 0123, dd12be42-52a9-4a91-a8a1-11c01849e498]
[0911月2024 23:19:52.263] [main/WARN] [net.minecraft.commands.Commands/]: Ambiguity between arguments [teleport, targets, location] and [teleport, targets, destination] with inputs: [0.1 -0.5 .9, 0 0 0]
[0911月2024 23:19:52.335] [Render thread/WARN] [net.minecraft.server.packs.VanillaPackResourcesBuilder/]: Assets URL 'union:/home/crystalneko/.gradle/caches/fabric-loom/minecraftMaven/net/minecraft/neoforge-21.1.76-minecraft-merged/1.21.1-loom.mappings.1_21_1.layered+hash.40545-v2-neoforge-21.1.76/neoforge-21.1.76-minecraft-merged-1.21.1-loom.mappings.1_21_1.layered+hash.40545-v2-neoforge-21.1.76.jar%23176!/assets/.mcassetsroot' uses unexpected schema
[0911月2024 23:19:52.335] [Render thread/WARN] [net.minecraft.server.packs.VanillaPackResourcesBuilder/]: Assets URL 'union:/home/crystalneko/.gradle/caches/fabric-loom/minecraftMaven/net/minecraft/neoforge-21.1.76-minecraft-merged/1.21.1-loom.mappings.1_21_1.layered+hash.40545-v2-neoforge-21.1.76/neoforge-21.1.76-minecraft-merged-1.21.1-loom.mappings.1_21_1.layered+hash.40545-v2-neoforge-21.1.76.jar%23176!/data/.mcassetsroot' uses unexpected schema
[0911月2024 23:19:52.348] [Render thread/INFO] [com.mojang.authlib.yggdrasil.YggdrasilAuthenticationService/]: Environment: Environment[sessionHost=https://sessionserver.mojang.com, servicesHost=https://api.minecraftservices.com, name=PROD]
[0911月2024 23:19:52.353] [Render thread/INFO] [net.minecraft.client.Minecraft/]: Setting user: Dev
[0911月2024 23:19:52.398] [Render thread/INFO] [net.minecraft.client.Minecraft/]: Backend library: LWJGL version 3.3.3+5
[0911月2024 23:19:52.687] [modloading-worker-0/INFO] [net.neoforged.neoforge.common.NeoForgeMod/NEOFORGE-MOD]: NeoForge mod loading, version 21.1.76, for MC 1.21.1
[0911月2024 23:19:52.835] [modloading-worker-0/INFO] [thedarkcolour.kotlinforforge.neoforge.test.KotlinForForge/]: Kotlin For Forge Enabled!
[0911月2024 23:19:53.202] [Render thread/INFO] [net.neoforged.neoforge.gametest.GameTestHooks/]: Enabled Gametest Namespaces: []
[0911月2024 23:19:53.298] [Render thread/INFO] [net.minecraft.server.packs.resources.ReloadableResourceManager/]: Reloading ResourceManager: vanilla, mod_resources, mod/simplemusic, mod/kotlinforforge, mod/neoforge, mod/generated_5e17fe7
[0911月2024 23:19:53.354] [Worker-Main-2/INFO] [net.minecraft.client.gui.font.providers.UnihexProvider/]: Found unifont_all_no_pua-15.1.05.hex, loading
[0911月2024 23:19:53.414] [Worker-Main-8/INFO] [net.minecraft.client.gui.font.providers.UnihexProvider/]: Found unifont_jp_patch-15.1.05.hex, loading
[0911月2024 23:19:54.290] [Render thread/WARN] [net.minecraft.client.sounds.SoundEngine/]: Missing sound for event: minecraft:item.goat_horn.play
[0911月2024 23:19:54.290] [Render thread/WARN] [net.minecraft.client.sounds.SoundEngine/]: Missing sound for event: minecraft:entity.goat.screaming.horn_break
[0911月2024 23:19:54.306] [Render thread/INFO] [com.mojang.blaze3d.audio.Library/]: OpenAL initialized on device Starship/Matisse HD Audio Controller 模拟立体声
[0911月2024 23:19:54.307] [Render thread/INFO] [net.minecraft.client.sounds.SoundEngine/SOUNDS]: Sound engine started
[0911月2024 23:19:54.370] [Render thread/INFO] [net.minecraft.client.renderer.texture.TextureAtlas/]: Created: 1024x512x4 minecraft:textures/atlas/blocks.png-atlas
[0911月2024 23:19:54.404] [Render thread/INFO] [net.minecraft.client.renderer.texture.TextureAtlas/]: Created: 256x256x4 minecraft:textures/atlas/signs.png-atlas
[0911月2024 23:19:54.406] [Render thread/INFO] [net.minecraft.client.renderer.texture.TextureAtlas/]: Created: 512x512x4 minecraft:textures/atlas/shield_patterns.png-atlas
[0911月2024 23:19:54.408] [Render thread/INFO] [net.minecraft.client.renderer.texture.TextureAtlas/]: Created: 512x512x4 minecraft:textures/atlas/banner_patterns.png-atlas
[0911月2024 23:19:54.409] [Render thread/INFO] [net.minecraft.client.renderer.texture.TextureAtlas/]: Created: 1024x1024x4 minecraft:textures/atlas/armor_trims.png-atlas
[0911月2024 23:19:54.423] [Render thread/INFO] [net.minecraft.client.renderer.texture.TextureAtlas/]: Created: 128x64x4 minecraft:textures/atlas/decorated_pot.png-atlas
[0911月2024 23:19:54.423] [Render thread/INFO] [net.minecraft.client.renderer.texture.TextureAtlas/]: Created: 256x256x4 minecraft:textures/atlas/chest.png-atlas
[0911月2024 23:19:54.423] [Render thread/INFO] [net.minecraft.client.renderer.texture.TextureAtlas/]: Created: 512x256x4 minecraft:textures/atlas/shulker_boxes.png-atlas
[0911月2024 23:19:54.424] [Render thread/INFO] [net.minecraft.client.renderer.texture.TextureAtlas/]: Created: 512x256x4 minecraft:textures/atlas/beds.png-atlas
[0911月2024 23:19:54.541] [Render thread/INFO] [net.minecraft.client.renderer.texture.TextureAtlas/]: Created: 512x256x0 minecraft:textures/atlas/particles.png-atlas
[0911月2024 23:19:54.543] [Render thread/INFO] [net.minecraft.client.renderer.texture.TextureAtlas/]: Created: 512x256x0 minecraft:textures/atlas/paintings.png-atlas
[0911月2024 23:19:54.543] [Render thread/INFO] [net.minecraft.client.renderer.texture.TextureAtlas/]: Created: 256x128x0 minecraft:textures/atlas/mob_effects.png-atlas
[0911月2024 23:19:54.544] [Render thread/INFO] [net.minecraft.client.renderer.texture.TextureAtlas/]: Created: 64x64x0 minecraft:textures/atlas/map_decorations.png-atlas
[0911月2024 23:19:54.544] [Render thread/INFO] [net.minecraft.client.renderer.texture.TextureAtlas/]: Created: 1024x512x0 minecraft:textures/atlas/gui.png-atlas
[0911月2024 23:19:54.560] [Render thread/WARN] [net.minecraft.client.renderer.ShaderInstance/]: Shader rendertype_entity_translucent_emissive could not find sampler named Sampler2 in the specified shader program.
[0911月2024 23:19:54.588] [Render thread/INFO] [net.neoforged.neoforge.client.entity.animation.json.AnimationLoader/]: Loaded 0 entity animations
[0911月2024 23:20:00.225] [Render thread/INFO] [net.minecraft.server.packs.resources.ReloadableResourceManager/]: Reloading ResourceManager: vanilla, mod_resources, mod/simplemusic, mod/kotlinforforge, mod/neoforge, mod/generated_5e17fe7
[0911月2024 23:20:00.229] [Worker-Main-9/INFO] [net.minecraft.client.gui.font.providers.UnihexProvider/]: Found unifont_all_no_pua-15.1.05.hex, loading
[0911月2024 23:20:00.257] [Worker-Main-4/INFO] [net.minecraft.client.gui.font.providers.UnihexProvider/]: Found unifont_jp_patch-15.1.05.hex, loading
[0911月2024 23:20:00.732] [Render thread/WARN] [net.minecraft.client.sounds.SoundEngine/]: Missing sound for event: minecraft:item.goat_horn.play
[0911月2024 23:20:00.732] [Render thread/WARN] [net.minecraft.client.sounds.SoundEngine/]: Missing sound for event: minecraft:entity.goat.screaming.horn_break
[0911月2024 23:20:00.740] [Render thread/INFO] [com.mojang.blaze3d.audio.Library/]: OpenAL initialized on device Starship/Matisse HD Audio Controller 模拟立体声
[0911月2024 23:20:00.741] [Render thread/INFO] [net.minecraft.client.sounds.SoundEngine/SOUNDS]: Sound engine started
[0911月2024 23:20:00.799] [Render thread/INFO] [net.minecraft.client.renderer.texture.TextureAtlas/]: Created: 1024x512x4 minecraft:textures/atlas/blocks.png-atlas
[0911月2024 23:20:00.832] [Render thread/INFO] [net.minecraft.client.renderer.texture.TextureAtlas/]: Created: 256x256x4 minecraft:textures/atlas/signs.png-atlas
[0911月2024 23:20:00.833] [Render thread/INFO] [net.minecraft.client.renderer.texture.TextureAtlas/]: Created: 512x512x4 minecraft:textures/atlas/shield_patterns.png-atlas
[0911月2024 23:20:00.835] [Render thread/INFO] [net.minecraft.client.renderer.texture.TextureAtlas/]: Created: 512x512x4 minecraft:textures/atlas/banner_patterns.png-atlas
[0911月2024 23:20:00.836] [Render thread/INFO] [net.minecraft.client.renderer.texture.TextureAtlas/]: Created: 1024x1024x4 minecraft:textures/atlas/armor_trims.png-atlas
[0911月2024 23:20:00.850] [Render thread/INFO] [net.minecraft.client.renderer.texture.TextureAtlas/]: Created: 128x64x4 minecraft:textures/atlas/decorated_pot.png-atlas
[0911月2024 23:20:00.851] [Render thread/INFO] [net.minecraft.client.renderer.texture.TextureAtlas/]: Created: 256x256x4 minecraft:textures/atlas/chest.png-atlas
[0911月2024 23:20:00.852] [Render thread/INFO] [net.minecraft.client.renderer.texture.TextureAtlas/]: Created: 512x256x4 minecraft:textures/atlas/shulker_boxes.png-atlas
[0911月2024 23:20:00.853] [Render thread/INFO] [net.minecraft.client.renderer.texture.TextureAtlas/]: Created: 512x256x4 minecraft:textures/atlas/beds.png-atlas
[0911月2024 23:20:00.863] [Render thread/INFO] [net.minecraft.client.renderer.texture.TextureAtlas/]: Created: 512x256x0 minecraft:textures/atlas/particles.png-atlas
[0911月2024 23:20:00.865] [Render thread/INFO] [net.minecraft.client.renderer.texture.TextureAtlas/]: Created: 512x256x0 minecraft:textures/atlas/paintings.png-atlas
[0911月2024 23:20:00.865] [Render thread/INFO] [net.minecraft.client.renderer.texture.TextureAtlas/]: Created: 256x128x0 minecraft:textures/atlas/mob_effects.png-atlas
[0911月2024 23:20:00.865] [Render thread/INFO] [net.minecraft.client.renderer.texture.TextureAtlas/]: Created: 64x64x0 minecraft:textures/atlas/map_decorations.png-atlas
[0911月2024 23:20:00.865] [Render thread/INFO] [net.minecraft.client.renderer.texture.TextureAtlas/]: Created: 1024x512x0 minecraft:textures/atlas/gui.png-atlas
[0911月2024 23:20:00.877] [Render thread/WARN] [net.minecraft.client.renderer.ShaderInstance/]: Shader rendertype_entity_translucent_emissive could not find sampler named Sampler2 in the specified shader program.
[0911月2024 23:20:00.896] [Render thread/INFO] [net.neoforged.neoforge.client.entity.animation.json.AnimationLoader/]: Loaded 0 entity animations
[0911月2024 23:20:18.920] [Render thread/INFO] [net.minecraft.world.item.crafting.RecipeManager/]: Loaded 1290 recipes
[0911月2024 23:20:19.016] [Render thread/INFO] [net.minecraft.advancements.AdvancementTree/]: Loaded 1399 advancements
[0911月2024 23:20:32.104] [Server thread/INFO] [net.minecraft.client.server.IntegratedServer/]: Starting integrated minecraft server version 1.21.1
[0911月2024 23:20:32.105] [Server thread/INFO] [net.minecraft.server.MinecraftServer/]: Generating keypair
[0911月2024 23:20:34.242] [Server thread/INFO] [net.minecraft.server.MinecraftServer/]: Preparing start region for dimension minecraft:overworld
[0911月2024 23:20:34.269] [progressListener/INFO] [net.minecraft.server.level.progress.LoggerChunkProgressListener/]: 准备生成区域中：2%
[0911月2024 23:20:34.753] [progressListener/INFO] [net.minecraft.server.level.progress.LoggerChunkProgressListener/]: 准备生成区域中：2%
[0911月2024 23:20:35.260] [progressListener/INFO] [net.minecraft.server.level.progress.LoggerChunkProgressListener/]: 准备生成区域中：18%
[0911月2024 23:20:35.752] [progressListener/INFO] [net.minecraft.server.level.progress.LoggerChunkProgressListener/]: 准备生成区域中：44%
[0911月2024 23:20:36.254] [progressListener/INFO] [net.minecraft.server.level.progress.LoggerChunkProgressListener/]: 准备生成区域中：51%
[0911月2024 23:20:36.756] [Server thread/INFO] [net.neoforged.neoforge.server.permission.PermissionAPI/]: Successfully initialized permission handler neoforge:default_handler
[0911月2024 23:20:36.757] [progressListener/INFO] [net.minecraft.server.level.progress.LoggerChunkProgressListener/]: 准备生成区域中：75%
[0911月2024 23:20:36.757] [progressListener/INFO] [net.minecraft.server.level.progress.LoggerChunkProgressListener/]: Time elapsed: 2511 ms
[0911月2024 23:20:36.785] [Server thread/INFO] [net.minecraft.client.server.IntegratedServer/]: Changing view distance to 12, from 10
[0911月2024 23:20:36.785] [Server thread/INFO] [net.minecraft.client.server.IntegratedServer/]: Changing simulation distance to 12, from 0
[0911月2024 23:20:37.312] [Server thread/INFO] [net.minecraft.server.players.PlayerList/]: Dev[local:E:b2e640fe] logged in with entity id 51 at (-7.5, 102.0, -6.5)
[0911月2024 23:20:37.363] [Server thread/INFO] [net.minecraft.server.MinecraftServer/]: Dev加入了游戏
[0911月2024 23:20:37.660] [Render thread/INFO] [net.minecraft.advancements.AdvancementTree/]: Loaded 2 advancements
[0911月2024 23:20:49.143] [Render thread/INFO] [net.minecraft.client.gui.components.ChatComponent/]: [System] [CHAT] 成功停止音乐啦
[0911月2024 23:21:08.404] [Render thread/INFO] [net.minecraft.client.gui.components.ChatComponent/]: [System] [CHAT] 未知或不完整的命令，错误见下
[0911月2024 23:21:08.406] [Render thread/INFO] [net.minecraft.client.gui.components.ChatComponent/]: [System] [CHAT] sm<--[此处]
[0911月2024 23:21:11.122] [Render thread/INFO] [net.minecraft.client.gui.components.ChatComponent/]: [System] [CHAT] 要开始播放打上花火啦
[0911月2024 23:21:28.308] [Server thread/INFO] [net.minecraft.client.server.IntegratedServer/]: Saving and pausing game...
[0911月2024 23:21:28.396] [Server thread/INFO] [net.minecraft.server.MinecraftServer/]: Saving chunks for level 'ServerLevel[新的世界]'/minecraft:overworld
[0911月2024 23:21:28.516] [Server thread/INFO] [net.minecraft.server.MinecraftServer/]: Saving chunks for level 'ServerLevel[新的世界]'/minecraft:the_nether
[0911月2024 23:21:28.582] [Server thread/INFO] [net.minecraft.server.MinecraftServer/]: Saving chunks for level 'ServerLevel[新的世界]'/minecraft:the_end
[0911月2024 23:21:46.508] [Server thread/INFO] [net.minecraft.client.server.IntegratedServer/]: Saving and pausing game...
[0911月2024 23:21:46.576] [Server thread/INFO] [net.minecraft.server.MinecraftServer/]: Saving chunks for level 'ServerLevel[新的世界]'/minecraft:overworld
[0911月2024 23:21:46.650] [Server thread/INFO] [net.minecraft.server.MinecraftServer/]: Saving chunks for level 'ServerLevel[新的世界]'/minecraft:the_nether
[0911月2024 23:21:46.718] [Server thread/INFO] [net.minecraft.server.MinecraftServer/]: Saving chunks for level 'ServerLevel[新的世界]'/minecraft:the_end
[0911月2024 23:21:47.454] [Render thread/INFO] [net.minecraft.client.Minecraft/]: Stopping!
[0911月2024 23:21:47.527] [Server thread/INFO] [net.minecraft.server.network.ServerGamePacketListenerImpl/]: Dev lost connection: 连接中断
[0911月2024 23:21:47.527] [Server thread/INFO] [net.minecraft.server.MinecraftServer/]: Dev退出了游戏
[0911月2024 23:21:47.596] [Server thread/INFO] [net.minecraft.server.network.ServerCommonPacketListenerImpl/]: Stopping singleplayer server as player logged out
[0911月2024 23:21:47.608] [Server thread/INFO] [net.minecraft.server.MinecraftServer/]: Stopping server
[0911月2024 23:21:47.609] [Server thread/INFO] [net.minecraft.server.MinecraftServer/]: Saving players
[0911月2024 23:21:47.609] [Server thread/INFO] [net.minecraft.server.MinecraftServer/]: Saving worlds
[0911月2024 23:21:48.392] [Server thread/INFO] [net.minecraft.server.MinecraftServer/]: Saving chunks for level 'ServerLevel[新的世界]'/minecraft:overworld
[0911月2024 23:21:48.964] [Server thread/INFO] [net.minecraft.server.MinecraftServer/]: Saving chunks for level 'ServerLevel[新的世界]'/minecraft:the_nether
[0911月2024 23:21:48.997] [Server thread/INFO] [net.minecraft.server.MinecraftServer/]: Saving chunks for level 'ServerLevel[新的世界]'/minecraft:the_end
[0911月2024 23:21:49.115] [Server thread/INFO] [net.minecraft.server.MinecraftServer/]: ThreadedAnvilChunkStorage (新的世界): All chunks are saved
[0911月2024 23:21:49.115] [Server thread/INFO] [net.minecraft.server.MinecraftServer/]: ThreadedAnvilChunkStorage (DIM-1): All chunks are saved
[0911月2024 23:21:49.115] [Server thread/INFO] [net.minecraft.server.MinecraftServer/]: ThreadedAnvilChunkStorage (DIM1): All chunks are saved
[0911月2024 23:21:49.115] [Server thread/INFO] [net.minecraft.server.MinecraftServer/]: ThreadedAnvilChunkStorage: All dimensions are saved
